# JRE version: Java(TM) SE Runtime Environment (8.0_91-b14) (build 1.8.0_91-b14)
# Java VM: Java HotSpot(TM) 64-Bit Server VM (25.91-b14 mixed mode windows-amd64 compressed oops)
Heap:
 PSYoungGen      total 168448K, used 167968K [0x00000000f5980000, 0x00000000fff80000, 0x0000000100000000)
  eden space 167424K, 100% used [0x00000000f5980000,0x00000000ffd00000,0x00000000ffd00000)
  from space 1024K, 53% used [0x00000000ffe80000,0x00000000fff08000,0x00000000fff80000)
  to   space 1024K, 0% used [0x00000000ffd80000,0x00000000ffd80000,0x00000000ffe80000)
 ParOldGen       total 341504K, used 182723K [0x00000000e0c00000, 0x00000000f5980000, 0x00000000f5980000)
  object space 341504K, 53% used [0x00000000e0c00000,0x00000000ebe70c60,0x00000000f5980000)
 Metaspace       used 59475K, capacity 70368K, committed 70528K, reserved 1107968K
  class space    used 9029K, capacity 11051K, committed 11136K, reserved 1048576K
GC Heap History (10 events):
Event: 836.475 GC heap before
{Heap before GC invocations=205 (full 3):
 PSYoungGen      total 168960K, used 168064K [0x00000000f5980000, 0x0000000100000000, 0x0000000100000000)
  eden space 167424K, 100% used [0x00000000f5980000,0x00000000ffd00000,0x00000000ffd00000)
  from space 1536K, 41% used [0x00000000ffd00000,0x00000000ffda0000,0x00000000ffe80000)
  to   space 1536K, 0% used [0x00000000ffe80000,0x00000000ffe80000,0x0000000100000000)
 ParOldGen       total 341504K, used 182411K [0x00000000e0c00000, 0x00000000f5980000, 0x00000000f5980000)
  object space 341504K, 53% used [0x00000000e0c00000,0x00000000ebe22c60,0x00000000f5980000)
 Metaspace       used 59018K, capacity 69620K, committed 69888K, reserved 1107968K
  class space    used 9006K, capacity 10959K, committed 11008K, reserved 1048576K
Event: 836.481 GC heap after
Heap after GC invocations=205 (full 3):
 PSYoungGen      total 168960K, used 640K [0x00000000f5980000, 0x0000000100000000, 0x0000000100000000)
  eden space 167424K, 0% used [0x00000000f5980000,0x00000000f5980000,0x00000000ffd00000)
  from space 1536K, 41% used [0x00000000ffe80000,0x00000000fff20000,0x0000000100000000)
  to   space 1536K, 0% used [0x00000000ffd00000,0x00000000ffd00000,0x00000000ffe80000)
 ParOldGen       total 341504K, used 182411K [0x00000000e0c00000, 0x00000000f5980000, 0x00000000f5980000)
  object space 341504K, 53% used [0x00000000e0c00000,0x00000000ebe22c60,0x00000000f5980000)
 Metaspace       used 59018K, capacity 69620K, committed 69888K, reserved 1107968K
  class space    used 9006K, capacity 10959K, committed 11008K, reserved 1048576K
}
Event: 839.289 GC heap before
{Heap before GC invocations=206 (full 3):
 PSYoungGen      total 168960K, used 168064K [0x00000000f5980000, 0x0000000100000000, 0x0000000100000000)
  eden space 167424K, 100% used [0x00000000f5980000,0x00000000ffd00000,0x00000000ffd00000)
  from space 1536K, 41% used [0x00000000ffe80000,0x00000000fff20000,0x0000000100000000)
  to   space 1536K, 0% used [0x00000000ffd00000,0x00000000ffd00000,0x00000000ffe80000)
 ParOldGen       total 341504K, used 182411K [0x00000000e0c00000, 0x00000000f5980000, 0x00000000f5980000)
  object space 341504K, 53% used [0x00000000e0c00000,0x00000000ebe22c60,0x00000000f5980000)
 Metaspace       used 59145K, capacity 69812K, committed 69888K, reserved 1107968K
  class space    used 9017K, capacity 11003K, committed 11008K, reserved 1048576K
Event: 839.294 GC heap after
Heap after GC invocations=206 (full 3):
 PSYoungGen      total 168960K, used 576K [0x00000000f5980000, 0x0000000100000000, 0x0000000100000000)
  eden space 167424K, 0% used [0x00000000f5980000,0x00000000f5980000,0x00000000ffd00000)
  from space 1536K, 37% used [0x00000000ffd00000,0x00000000ffd90000,0x00000000ffe80000)
  to   space 1536K, 0% used [0x00000000ffe80000,0x00000000ffe80000,0x0000000100000000)
 ParOldGen       total 341504K, used 182571K [0x00000000e0c00000, 0x00000000f5980000, 0x00000000f5980000)
  object space 341504K, 53% used [0x00000000e0c00000,0x00000000ebe4ac60,0x00000000f5980000)
 Metaspace       used 59145K, capacity 69812K, committed 69888K, reserved 1107968K
  class space    used 9017K, capacity 11003K, committed 11008K, reserved 1048576K
}
Event: 841.939 GC heap before
{Heap before GC invocations=207 (full 3):
 PSYoungGen      total 168960K, used 168000K [0x00000000f5980000, 0x0000000100000000, 0x0000000100000000)
  eden space 167424K, 100% used [0x00000000f5980000,0x00000000ffd00000,0x00000000ffd00000)
  from space 1536K, 37% used [0x00000000ffd00000,0x00000000ffd90000,0x00000000ffe80000)
  to   space 1536K, 0% used [0x00000000ffe80000,0x00000000ffe80000,0x0000000100000000)
 ParOldGen       total 341504K, used 182571K [0x00000000e0c00000, 0x00000000f5980000, 0x00000000f5980000)
  object space 341504K, 53% used [0x00000000e0c00000,0x00000000ebe4ac60,0x00000000f5980000)
 Metaspace       used 59145K, capacity 69812K, committed 69888K, reserved 1107968K
  class space    used 9017K, capacity 11003K, committed 11008K, reserved 1048576K
Event: 841.944 GC heap after
Heap after GC invocations=207 (full 3):
 PSYoungGen      total 168960K, used 576K [0x00000000f5980000, 0x0000000100000000, 0x0000000100000000)
  eden space 167424K, 0% used [0x00000000f5980000,0x00000000f5980000,0x00000000ffd00000)
  from space 1536K, 37% used [0x00000000ffe80000,0x00000000fff10000,0x0000000100000000)
  to   space 1536K, 0% used [0x00000000ffd00000,0x00000000ffd00000,0x00000000ffe80000)
 ParOldGen       total 341504K, used 182571K [0x00000000e0c00000, 0x00000000f5980000, 0x00000000f5980000)
  object space 341504K, 53% used [0x00000000e0c00000,0x00000000ebe4ac60,0x00000000f5980000)
 Metaspace       used 59145K, capacity 69812K, committed 69888K, reserved 1107968K
  class space    used 9017K, capacity 11003K, committed 11008K, reserved 1048576K
}
Event: 844.700 GC heap before
{Heap before GC invocations=208 (full 3):
 PSYoungGen      total 168960K, used 168000K [0x00000000f5980000, 0x0000000100000000, 0x0000000100000000)
  eden space 167424K, 100% used [0x00000000f5980000,0x00000000ffd00000,0x00000000ffd00000)
  from space 1536K, 37% used [0x00000000ffe80000,0x00000000fff10000,0x0000000100000000)
  to   space 1536K, 0% used [0x00000000ffd00000,0x00000000ffd00000,0x00000000ffe80000)
 ParOldGen       total 341504K, used 182571K [0x00000000e0c00000, 0x00000000f5980000, 0x00000000f5980000)
  object space 341504K, 53% used [0x00000000e0c00000,0x00000000ebe4ac60,0x00000000f5980000)
 Metaspace       used 59145K, capacity 69812K, committed 69888K, reserved 1107968K
  class space    used 9017K, capacity 11003K, committed 11008K, reserved 1048576K
Event: 844.707 GC heap after
Heap after GC invocations=208 (full 3):
 PSYoungGen      total 168960K, used 448K [0x00000000f5980000, 0x0000000100000000, 0x0000000100000000)
  eden space 167424K, 0% used [0x00000000f5980000,0x00000000f5980000,0x00000000ffd00000)
  from space 1536K, 29% used [0x00000000ffd00000,0x00000000ffd70000,0x00000000ffe80000)
  to   space 1536K, 0% used [0x00000000ffe80000,0x00000000ffe80000,0x0000000100000000)
 ParOldGen       total 341504K, used 182723K [0x00000000e0c00000, 0x00000000f5980000, 0x00000000f5980000)
  object space 341504K, 53% used [0x00000000e0c00000,0x00000000ebe70c60,0x00000000f5980000)
 Metaspace       used 59145K, capacity 69812K, committed 69888K, reserved 1107968K
  class space    used 9017K, capacity 11003K, committed 11008K, reserved 1048576K
}
Event: 847.472 GC heap before
{Heap before GC invocations=209 (full 3):
 PSYoungGen      total 168960K, used 167872K [0x00000000f5980000, 0x0000000100000000, 0x0000000100000000)
  eden space 167424K, 100% used [0x00000000f5980000,0x00000000ffd00000,0x00000000ffd00000)
  from space 1536K, 29% used [0x00000000ffd00000,0x00000000ffd70000,0x00000000ffe80000)
  to   space 1536K, 0% used [0x00000000ffe80000,0x00000000ffe80000,0x0000000100000000)
 ParOldGen       total 341504K, used 182723K [0x00000000e0c00000, 0x00000000f5980000, 0x00000000f5980000)
  object space 341504K, 53% used [0x00000000e0c00000,0x00000000ebe70c60,0x00000000f5980000)
 Metaspace       used 59321K, capacity 70108K, committed 70272K, reserved 1107968K
  class space    used 9023K, capacity 11023K, committed 11136K, reserved 1048576K
Event: 847.484 GC heap after
Heap after GC invocations=209 (full 3):
 PSYoungGen      total 168448K, used 544K [0x00000000f5980000, 0x00000000fff80000, 0x0000000100000000)
  eden space 167424K, 0% used [0x00000000f5980000,0x00000000f5980000,0x00000000ffd00000)
  from space 1024K, 53% used [0x00000000ffe80000,0x00000000fff08000,0x00000000fff80000)
  to   space 1024K, 0% used [0x00000000ffd80000,0x00000000ffd80000,0x00000000ffe80000)
 ParOldGen       total 341504K, used 182723K [0x00000000e0c00000, 0x00000000f5980000, 0x00000000f5980000)
  object space 341504K, 53% used [0x00000000e0c00000,0x00000000ebe70c60,0x00000000f5980000)
 Metaspace       used 59321K, capacity 70108K, committed 70272K, reserved 1107968K
  class space    used 9023K, capacity 11023K, committed 11136K, reserved 1048576K
}

